2021-04-12 10:20:29.241  INFO 25688 --- [http-nio-5001-exec-5] org.mongodb.driver.connection            : Closed connection [connectionId{localValue:3, serverValue:744}] to 127.0.0.1:27017 because there was a socket exception raised on another connection from this pool.
2021-04-12 10:20:29.615  INFO 25688 --- [http-nio-5001-exec-5] org.mongodb.driver.connection            : Opened connection [connectionId{localValue:581, serverValue:22}] to 127.0.0.1:27017
2021-04-12 10:48:51.415  INFO 11968 --- [restartedMain] o.a.pettracker.PetTrackerApplication     : Starting PetTrackerApplication using Java 11.0.7 on azCom42 with PID 11968 (E:\ASICZEN-WEB-PROJECT\pet-tracker\pet-tracker\target\classes started by spmishra in E:\ASICZEN-WEB-PROJECT\pet-tracker\pet-tracker)
2021-04-12 10:48:51.421  INFO 11968 --- [restartedMain] o.a.pettracker.PetTrackerApplication     : No active profile set, falling back to default profiles: default
2021-04-12 10:49:01.457  INFO 11968 --- [restartedMain] o.apache.catalina.core.StandardService   : Starting service [Tomcat]
2021-04-12 10:49:01.458  INFO 11968 --- [restartedMain] org.apache.catalina.core.StandardEngine  : Starting Servlet engine: [Apache Tomcat/9.0.41]
2021-04-12 10:49:01.593  INFO 11968 --- [restartedMain] o.a.c.c.C.[Tomcat].[localhost].[/]       : Initializing Spring embedded WebApplicationContext
2021-04-12 10:49:02.447  INFO 11968 --- [restartedMain] org.mongodb.driver.cluster               : Cluster created with settings {hosts=[127.0.0.1:27017], mode=SINGLE, requiredClusterType=UNKNOWN, serverSelectionTimeout='30000 ms'}
2021-04-12 10:49:02.607  INFO 11968 --- [cluster-rtt-ClusterId{value='6073d84691fbe82c77d3c816', description='null'}-127.0.0.1:27017] org.mongodb.driver.connection            : Opened connection [connectionId{localValue:2, serverValue:34}] to 127.0.0.1:27017
2021-04-12 10:49:02.609  INFO 11968 --- [cluster-ClusterId{value='6073d84691fbe82c77d3c816', description='null'}-127.0.0.1:27017] org.mongodb.driver.connection            : Opened connection [connectionId{localValue:1, serverValue:33}] to 127.0.0.1:27017
2021-04-12 10:49:02.611  INFO 11968 --- [cluster-ClusterId{value='6073d84691fbe82c77d3c816', description='null'}-127.0.0.1:27017] org.mongodb.driver.cluster               : Monitor thread successfully connected to server with description ServerDescription{address=127.0.0.1:27017, type=STANDALONE, state=CONNECTED, ok=true, minWireVersion=0, maxWireVersion=9, maxDocumentSize=16777216, logicalSessionTimeoutMinutes=30, roundTripTimeNanos=52471000}
2021-04-12 10:49:03.370  INFO 11968 --- [restartedMain] org.mongodb.driver.connection            : Opened connection [connectionId{localValue:3, serverValue:35}] to 127.0.0.1:27017
2021-04-12 10:49:04.381  INFO 11968 --- [restartedMain] org.mongodb.driver.connection            : Closed connection [connectionId{localValue:3, serverValue:35}] to 127.0.0.1:27017 because the pool has been closed.
2021-04-12 10:49:04.390  INFO 11968 --- [restartedMain] o.apache.catalina.core.StandardService   : Stopping service [Tomcat]
2021-04-12 10:49:04.516 ERROR 11968 --- [restartedMain] o.s.boot.SpringApplication               : Application run failed

org.springframework.beans.factory.UnsatisfiedDependencyException: Error creating bean with name 'ownerController': Unsatisfied dependency expressed through field 'ownerService'; nested exception is org.springframework.beans.factory.UnsatisfiedDependencyException: Error creating bean with name 'ownerServiceImpl': Unsatisfied dependency expressed through field 'ownerRepository'; nested exception is org.springframework.beans.factory.BeanCreationException: Error creating bean with name 'ownerRepository' defined in org.asiczen.pettracker.repository.OwnerRepository defined in @EnableMongoRepositories declared on MongoRepositoriesRegistrar.EnableMongoRepositoriesConfiguration: Cannot resolve reference to bean 'mongoTemplate' while setting bean property 'mongoOperations'; nested exception is org.springframework.beans.factory.BeanCreationException: Error creating bean with name 'mongoTemplate' defined in class path resource [org/springframework/boot/autoconfigure/data/mongo/MongoDatabaseFactoryDependentConfiguration.class]: Bean instantiation via factory method failed; nested exception is org.springframework.beans.BeanInstantiationException: Failed to instantiate [org.springframework.data.mongodb.core.MongoTemplate]: Factory method 'mongoTemplate' threw exception; nested exception is org.springframework.dao.DuplicateKeyException: Write failed with error code 11000 and error message 'Index build failed: 496b794d-da5b-4591-9c58-8b4daba3eac4: Collection test.pet_pet ( 5e802c2a-d87d-44c4-a714-12dd48eaee75 ) :: caused by :: E11000 duplicate key error collection: test.pet_pet index: device.deviceId dup key: { device.deviceId: null }'; nested exception is com.mongodb.DuplicateKeyException: Write failed with error code 11000 and error message 'Index build failed: 496b794d-da5b-4591-9c58-8b4daba3eac4: Collection test.pet_pet ( 5e802c2a-d87d-44c4-a714-12dd48eaee75 ) :: caused by :: E11000 duplicate key error collection: test.pet_pet index: device.deviceId dup key: { device.deviceId: null }'
	at org.springframework.beans.factory.annotation.AutowiredAnnotationBeanPostProcessor$AutowiredFieldElement.inject(AutowiredAnnotationBeanPostProcessor.java:643) ~[spring-beans-5.3.3.jar:5.3.3]
	at org.springframework.beans.factory.annotation.InjectionMetadata.inject(InjectionMetadata.java:119) ~[spring-beans-5.3.3.jar:5.3.3]
	at org.springframework.beans.factory.annotation.AutowiredAnnotationBeanPostProcessor.postProcessProperties(AutowiredAnnotationBeanPostProcessor.java:399) ~[spring-beans-5.3.3.jar:5.3.3]
	at org.springframework.beans.factory.support.AbstractAutowireCapableBeanFactory.populateBean(AbstractAutowireCapableBeanFactory.java:1415) ~[spring-beans-5.3.3.jar:5.3.3]
	at org.springframework.beans.factory.support.AbstractAutowireCapableBeanFactory.doCreateBean(AbstractAutowireCapableBeanFactory.java:608) ~[spring-beans-5.3.3.jar:5.3.3]
	at org.springframework.beans.factory.support.AbstractAutowireCapableBeanFactory.createBean(AbstractAutowireCapableBeanFactory.java:531) ~[spring-beans-5.3.3.jar:5.3.3]
	at org.springframework.beans.factory.support.AbstractBeanFactory.lambda$doGetBean$0(AbstractBeanFactory.java:335) ~[spring-beans-5.3.3.jar:5.3.3]
	at org.springframework.beans.factory.support.DefaultSingletonBeanRegistry.getSingleton(DefaultSingletonBeanRegistry.java:234) ~[spring-beans-5.3.3.jar:5.3.3]
	at org.springframework.beans.factory.support.AbstractBeanFactory.doGetBean(AbstractBeanFactory.java:333) ~[spring-beans-5.3.3.jar:5.3.3]
	at org.springframework.beans.factory.support.AbstractBeanFactory.getBean(AbstractBeanFactory.java:208) ~[spring-beans-5.3.3.jar:5.3.3]
	at org.springframework.beans.factory.support.DefaultListableBeanFactory.preInstantiateSingletons(DefaultListableBeanFactory.java:944) ~[spring-beans-5.3.3.jar:5.3.3]
	at org.springframework.context.support.AbstractApplicationContext.finishBeanFactoryInitialization(AbstractApplicationContext.java:923) ~[spring-context-5.3.3.jar:5.3.3]
	at org.springframework.context.support.AbstractApplicationContext.refresh(AbstractApplicationContext.java:588) ~[spring-context-5.3.3.jar:5.3.3]
	at org.springframework.boot.web.servlet.context.ServletWebServerApplicationContext.refresh(ServletWebServerApplicationContext.java:144) ~[spring-boot-2.4.2.jar:2.4.2]
	at org.springframework.boot.SpringApplication.refresh(SpringApplication.java:767) ~[spring-boot-2.4.2.jar:2.4.2]
	at org.springframework.boot.SpringApplication.refresh(SpringApplication.java:759) ~[spring-boot-2.4.2.jar:2.4.2]
	at org.springframework.boot.SpringApplication.refreshContext(SpringApplication.java:426) ~[spring-boot-2.4.2.jar:2.4.2]
	at org.springframework.boot.SpringApplication.run(SpringApplication.java:326) ~[spring-boot-2.4.2.jar:2.4.2]
	at org.springframework.boot.SpringApplication.run(SpringApplication.java:1311) ~[spring-boot-2.4.2.jar:2.4.2]
	at org.springframework.boot.SpringApplication.run(SpringApplication.java:1300) ~[spring-boot-2.4.2.jar:2.4.2]
	at org.asiczen.pettracker.PetTrackerApplication.main(PetTrackerApplication.java:10) ~[classes/:na]
	at java.base/jdk.internal.reflect.NativeMethodAccessorImpl.invoke0(Native Method) ~[na:na]
	at java.base/jdk.internal.reflect.NativeMethodAccessorImpl.invoke(NativeMethodAccessorImpl.java:62) ~[na:na]
	at java.base/jdk.internal.reflect.DelegatingMethodAccessorImpl.invoke(DelegatingMethodAccessorImpl.java:43) ~[na:na]
	at java.base/java.lang.reflect.Method.invoke(Method.java:566) ~[na:na]
	at org.springframework.boot.devtools.restart.RestartLauncher.run(RestartLauncher.java:49) ~[spring-boot-devtools-2.4.2.jar:2.4.2]
Caused by: org.springframework.beans.factory.UnsatisfiedDependencyException: Error creating bean with name 'ownerServiceImpl': Unsatisfied dependency expressed through field 'ownerRepository'; nested exception is org.springframework.beans.factory.BeanCreationException: Error creating bean with name 'ownerRepository' defined in org.asiczen.pettracker.repository.OwnerRepository defined in @EnableMongoRepositories declared on MongoRepositoriesRegistrar.EnableMongoRepositoriesConfiguration: Cannot resolve reference to bean 'mongoTemplate' while setting bean property 'mongoOperations'; nested exception is org.springframework.beans.factory.BeanCreationException: Error creating bean with name 'mongoTemplate' defined in class path resource [org/springframework/boot/autoconfigure/data/mongo/MongoDatabaseFactoryDependentConfiguration.class]: Bean instantiation via factory method failed; nested exception is org.springframework.beans.BeanInstantiationException: Failed to instantiate [org.springframework.data.mongodb.core.MongoTemplate]: Factory method 'mongoTemplate' threw exception; nested exception is org.springframework.dao.DuplicateKeyException: Write failed with error code 11000 and error message 'Index build failed: 496b794d-da5b-4591-9c58-8b4daba3eac4: Collection test.pet_pet ( 5e802c2a-d87d-44c4-a714-12dd48eaee75 ) :: caused by :: E11000 duplicate key error collection: test.pet_pet index: device.deviceId dup key: { device.deviceId: null }'; nested exception is com.mongodb.DuplicateKeyException: Write failed with error code 11000 and error message 'Index build failed: 496b794d-da5b-4591-9c58-8b4daba3eac4: Collection test.pet_pet ( 5e802c2a-d87d-44c4-a714-12dd48eaee75 ) :: caused by :: E11000 duplicate key error collection: test.pet_pet index: device.deviceId dup key: { device.deviceId: null }'
	at org.springframework.beans.factory.annotation.AutowiredAnnotationBeanPostProcessor$AutowiredFieldElement.inject(AutowiredAnnotationBeanPostProcessor.java:643) ~[spring-beans-5.3.3.jar:5.3.3]
	at org.springframework.beans.factory.annotation.InjectionMetadata.inject(InjectionMetadata.java:119) ~[spring-beans-5.3.3.jar:5.3.3]
	at org.springframework.beans.factory.annotation.AutowiredAnnotationBeanPostProcessor.postProcessProperties(AutowiredAnnotationBeanPostProcessor.java:399) ~[spring-beans-5.3.3.jar:5.3.3]
	at org.springframework.beans.factory.support.AbstractAutowireCapableBeanFactory.populateBean(AbstractAutowireCapableBeanFactory.java:1415) ~[spring-beans-5.3.3.jar:5.3.3]
	at org.springframework.beans.factory.support.AbstractAutowireCapableBeanFactory.doCreateBean(AbstractAutowireCapableBeanFactory.java:608) ~[spring-beans-5.3.3.jar:5.3.3]
	at org.springframework.beans.factory.support.AbstractAutowireCapableBeanFactory.createBean(AbstractAutowireCapableBeanFactory.java:531) ~[spring-beans-5.3.3.jar:5.3.3]
	at org.springframework.beans.factory.support.AbstractBeanFactory.lambda$doGetBean$0(AbstractBeanFactory.java:335) ~[spring-beans-5.3.3.jar:5.3.3]
	at org.springframework.beans.factory.support.DefaultSingletonBeanRegistry.getSingleton(DefaultSingletonBeanRegistry.java:234) ~[spring-beans-5.3.3.jar:5.3.3]
	at org.springframework.beans.factory.support.AbstractBeanFactory.doGetBean(AbstractBeanFactory.java:333) ~[spring-beans-5.3.3.jar:5.3.3]
	at org.springframework.beans.factory.support.AbstractBeanFactory.getBean(AbstractBeanFactory.java:208) ~[spring-beans-5.3.3.jar:5.3.3]
	at org.springframework.beans.factory.config.DependencyDescriptor.resolveCandidate(DependencyDescriptor.java:276) ~[spring-beans-5.3.3.jar:5.3.3]
	at org.springframework.beans.factory.support.DefaultListableBeanFactory.doResolveDependency(DefaultListableBeanFactory.java:1380) ~[spring-beans-5.3.3.jar:5.3.3]
	at org.springframework.beans.factory.support.DefaultListableBeanFactory.resolveDependency(DefaultListableBeanFactory.java:1300) ~[spring-beans-5.3.3.jar:5.3.3]
	at org.springframework.beans.factory.annotation.AutowiredAnnotationBeanPostProcessor$AutowiredFieldElement.inject(AutowiredAnnotationBeanPostProcessor.java:640) ~[spring-beans-5.3.3.jar:5.3.3]
	... 25 common frames omitted
Caused by: org.springframework.beans.factory.BeanCreationException: Error creating bean with name 'ownerRepository' defined in org.asiczen.pettracker.repository.OwnerRepository defined in @EnableMongoRepositories declared on MongoRepositoriesRegistrar.EnableMongoRepositoriesConfiguration: Cannot resolve reference to bean 'mongoTemplate' while setting bean property 'mongoOperations'; nested exception is org.springframework.beans.factory.BeanCreationException: Error creating bean with name 'mongoTemplate' defined in class path resource [org/springframework/boot/autoconfigure/data/mongo/MongoDatabaseFactoryDependentConfiguration.class]: Bean instantiation via factory method failed; nested exception is org.springframework.beans.BeanInstantiationException: Failed to instantiate [org.springframework.data.mongodb.core.MongoTemplate]: Factory method 'mongoTemplate' threw exception; nested exception is org.springframework.dao.DuplicateKeyException: Write failed with error code 11000 and error message 'Index build failed: 496b794d-da5b-4591-9c58-8b4daba3eac4: Collection test.pet_pet ( 5e802c2a-d87d-44c4-a714-12dd48eaee75 ) :: caused by :: E11000 duplicate key error collection: test.pet_pet index: device.deviceId dup key: { device.deviceId: null }'; nested exception is com.mongodb.DuplicateKeyException: Write failed with error code 11000 and error message 'Index build failed: 496b794d-da5b-4591-9c58-8b4daba3eac4: Collection test.pet_pet ( 5e802c2a-d87d-44c4-a714-12dd48eaee75 ) :: caused by :: E11000 duplicate key error collection: test.pet_pet index: device.deviceId dup key: { device.deviceId: null }'
	at org.springframework.beans.factory.support.BeanDefinitionValueResolver.resolveReference(BeanDefinitionValueResolver.java:342) ~[spring-beans-5.3.3.jar:5.3.3]
	at org.springframework.beans.factory.support.BeanDefinitionValueResolver.resolveValueIfNecessary(BeanDefinitionValueResolver.java:113) ~[spring-beans-5.3.3.jar:5.3.3]
	at org.springframework.beans.factory.support.AbstractAutowireCapableBeanFactory.applyPropertyValues(AbstractAutowireCapableBeanFactory.java:1691) ~[spring-beans-5.3.3.jar:5.3.3]
	at org.springframework.beans.factory.support.AbstractAutowireCapableBeanFactory.populateBean(AbstractAutowireCapableBeanFactory.java:1436) ~[spring-beans-5.3.3.jar:5.3.3]
	at org.springframework.beans.factory.support.AbstractAutowireCapableBeanFactory.doCreateBean(AbstractAutowireCapableBeanFactory.java:608) ~[spring-beans-5.3.3.jar:5.3.3]
	at org.springframework.beans.factory.support.AbstractAutowireCapableBeanFactory.createBean(AbstractAutowireCapableBeanFactory.java:531) ~[spring-beans-5.3.3.jar:5.3.3]
	at org.springframework.beans.factory.support.AbstractBeanFactory.lambda$doGetBean$0(AbstractBeanFactory.java:335) ~[spring-beans-5.3.3.jar:5.3.3]
	at org.springframework.beans.factory.support.DefaultSingletonBeanRegistry.getSingleton(DefaultSingletonBeanRegistry.java:234) ~[spring-beans-5.3.3.jar:5.3.3]
	at org.springframework.beans.factory.support.AbstractBeanFactory.doGetBean(AbstractBeanFactory.java:333) ~[spring-beans-5.3.3.jar:5.3.3]
	at org.springframework.beans.factory.support.AbstractBeanFactory.getBean(AbstractBeanFactory.java:208) ~[spring-beans-5.3.3.jar:5.3.3]
	at org.springframework.beans.factory.config.DependencyDescriptor.resolveCandidate(DependencyDescriptor.java:276) ~[spring-beans-5.3.3.jar:5.3.3]
	at org.springframework.beans.factory.support.DefaultListableBeanFactory.doResolveDependency(DefaultListableBeanFactory.java:1380) ~[spring-beans-5.3.3.jar:5.3.3]
	at org.springframework.beans.factory.support.DefaultListableBeanFactory.resolveDependency(DefaultListableBeanFactory.java:1300) ~[spring-beans-5.3.3.jar:5.3.3]
	at org.springframework.beans.factory.annotation.AutowiredAnnotationBeanPostProcessor$AutowiredFieldElement.inject(AutowiredAnnotationBeanPostProcessor.java:640) ~[spring-beans-5.3.3.jar:5.3.3]
	... 38 common frames omitted
Caused by: org.springframework.beans.factory.BeanCreationException: Error creating bean with name 'mongoTemplate' defined in class path resource [org/springframework/boot/autoconfigure/data/mongo/MongoDatabaseFactoryDependentConfiguration.class]: Bean instantiation via factory method failed; nested exception is org.springframework.beans.BeanInstantiationException: Failed to instantiate [org.springframework.data.mongodb.core.MongoTemplate]: Factory method 'mongoTemplate' threw exception; nested exception is org.springframework.dao.DuplicateKeyException: Write failed with error code 11000 and error message 'Index build failed: 496b794d-da5b-4591-9c58-8b4daba3eac4: Collection test.pet_pet ( 5e802c2a-d87d-44c4-a714-12dd48eaee75 ) :: caused by :: E11000 duplicate key error collection: test.pet_pet index: device.deviceId dup key: { device.deviceId: null }'; nested exception is com.mongodb.DuplicateKeyException: Write failed with error code 11000 and error message 'Index build failed: 496b794d-da5b-4591-9c58-8b4daba3eac4: Collection test.pet_pet ( 5e802c2a-d87d-44c4-a714-12dd48eaee75 ) :: caused by :: E11000 duplicate key error collection: test.pet_pet index: device.deviceId dup key: { device.deviceId: null }'
	at org.springframework.beans.factory.support.ConstructorResolver.instantiate(ConstructorResolver.java:658) ~[spring-beans-5.3.3.jar:5.3.3]
	at org.springframework.beans.factory.support.ConstructorResolver.instantiateUsingFactoryMethod(ConstructorResolver.java:638) ~[spring-beans-5.3.3.jar:5.3.3]
	at org.springframework.beans.factory.support.AbstractAutowireCapableBeanFactory.instantiateUsingFactoryMethod(AbstractAutowireCapableBeanFactory.java:1336) ~[spring-beans-5.3.3.jar:5.3.3]
	at org.springframework.beans.factory.support.AbstractAutowireCapableBeanFactory.createBeanInstance(AbstractAutowireCapableBeanFactory.java:1179) ~[spring-beans-5.3.3.jar:5.3.3]
	at org.springframework.beans.factory.support.AbstractAutowireCapableBeanFactory.doCreateBean(AbstractAutowireCapableBeanFactory.java:571) ~[spring-beans-5.3.3.jar:5.3.3]
	at org.springframework.beans.factory.support.AbstractAutowireCapableBeanFactory.createBean(AbstractAutowireCapableBeanFactory.java:531) ~[spring-beans-5.3.3.jar:5.3.3]
	at org.springframework.beans.factory.support.AbstractBeanFactory.lambda$doGetBean$0(AbstractBeanFactory.java:335) ~[spring-beans-5.3.3.jar:5.3.3]
	at org.springframework.beans.factory.support.DefaultSingletonBeanRegistry.getSingleton(DefaultSingletonBeanRegistry.java:234) ~[spring-beans-5.3.3.jar:5.3.3]
	at org.springframework.beans.factory.support.AbstractBeanFactory.doGetBean(AbstractBeanFactory.java:333) ~[spring-beans-5.3.3.jar:5.3.3]
	at org.springframework.beans.factory.support.AbstractBeanFactory.getBean(AbstractBeanFactory.java:208) ~[spring-beans-5.3.3.jar:5.3.3]
	at org.springframework.beans.factory.support.BeanDefinitionValueResolver.resolveReference(BeanDefinitionValueResolver.java:330) ~[spring-beans-5.3.3.jar:5.3.3]
	... 51 common frames omitted
Caused by: org.springframework.beans.BeanInstantiationException: Failed to instantiate [org.springframework.data.mongodb.core.MongoTemplate]: Factory method 'mongoTemplate' threw exception; nested exception is org.springframework.dao.DuplicateKeyException: Write failed with error code 11000 and error message 'Index build failed: 496b794d-da5b-4591-9c58-8b4daba3eac4: Collection test.pet_pet ( 5e802c2a-d87d-44c4-a714-12dd48eaee75 ) :: caused by :: E11000 duplicate key error collection: test.pet_pet index: device.deviceId dup key: { device.deviceId: null }'; nested exception is com.mongodb.DuplicateKeyException: Write failed with error code 11000 and error message 'Index build failed: 496b794d-da5b-4591-9c58-8b4daba3eac4: Collection test.pet_pet ( 5e802c2a-d87d-44c4-a714-12dd48eaee75 ) :: caused by :: E11000 duplicate key error collection: test.pet_pet index: device.deviceId dup key: { device.deviceId: null }'
	at org.springframework.beans.factory.support.SimpleInstantiationStrategy.instantiate(SimpleInstantiationStrategy.java:185) ~[spring-beans-5.3.3.jar:5.3.3]
	at org.springframework.beans.factory.support.ConstructorResolver.instantiate(ConstructorResolver.java:653) ~[spring-beans-5.3.3.jar:5.3.3]
	... 61 common frames omitted
Caused by: org.springframework.dao.DuplicateKeyException: Write failed with error code 11000 and error message 'Index build failed: 496b794d-da5b-4591-9c58-8b4daba3eac4: Collection test.pet_pet ( 5e802c2a-d87d-44c4-a714-12dd48eaee75 ) :: caused by :: E11000 duplicate key error collection: test.pet_pet index: device.deviceId dup key: { device.deviceId: null }'; nested exception is com.mongodb.DuplicateKeyException: Write failed with error code 11000 and error message 'Index build failed: 496b794d-da5b-4591-9c58-8b4daba3eac4: Collection test.pet_pet ( 5e802c2a-d87d-44c4-a714-12dd48eaee75 ) :: caused by :: E11000 duplicate key error collection: test.pet_pet index: device.deviceId dup key: { device.deviceId: null }'
	at org.springframework.data.mongodb.core.MongoExceptionTranslator.translateExceptionIfPossible(MongoExceptionTranslator.java:84) ~[spring-data-mongodb-3.1.3.jar:3.1.3]
	at org.springframework.data.mongodb.core.MongoTemplate.potentiallyConvertRuntimeException(MongoTemplate.java:2882) ~[spring-data-mongodb-3.1.3.jar:3.1.3]
	at org.springframework.data.mongodb.core.MongoTemplate.execute(MongoTemplate.java:564) ~[spring-data-mongodb-3.1.3.jar:3.1.3]
	at org.springframework.data.mongodb.core.DefaultIndexOperations.execute(DefaultIndexOperations.java:214) ~[spring-data-mongodb-3.1.3.jar:3.1.3]
	at org.springframework.data.mongodb.core.DefaultIndexOperations.ensureIndex(DefaultIndexOperations.java:121) ~[spring-data-mongodb-3.1.3.jar:3.1.3]
	at org.springframework.data.mongodb.core.index.MongoPersistentEntityIndexCreator.createIndex(MongoPersistentEntityIndexCreator.java:156) ~[spring-data-mongodb-3.1.3.jar:3.1.3]
	at org.springframework.data.mongodb.core.index.MongoPersistentEntityIndexCreator.checkForAndCreateIndexes(MongoPersistentEntityIndexCreator.java:146) ~[spring-data-mongodb-3.1.3.jar:3.1.3]
	at org.springframework.data.mongodb.core.index.MongoPersistentEntityIndexCreator.checkForIndexes(MongoPersistentEntityIndexCreator.java:130) ~[spring-data-mongodb-3.1.3.jar:3.1.3]
	at org.springframework.data.mongodb.core.index.MongoPersistentEntityIndexCreator.<init>(MongoPersistentEntityIndexCreator.java:95) ~[spring-data-mongodb-3.1.3.jar:3.1.3]
	at org.springframework.data.mongodb.core.index.MongoPersistentEntityIndexCreator.<init>(MongoPersistentEntityIndexCreator.java:72) ~[spring-data-mongodb-3.1.3.jar:3.1.3]
	at org.springframework.data.mongodb.core.MongoTemplate.<init>(MongoTemplate.java:250) ~[spring-data-mongodb-3.1.3.jar:3.1.3]
	at org.springframework.boot.autoconfigure.data.mongo.MongoDatabaseFactoryDependentConfiguration.mongoTemplate(MongoDatabaseFactoryDependentConfiguration.java:63) ~[spring-boot-autoconfigure-2.4.2.jar:2.4.2]
	at java.base/jdk.internal.reflect.NativeMethodAccessorImpl.invoke0(Native Method) ~[na:na]
	at java.base/jdk.internal.reflect.NativeMethodAccessorImpl.invoke(NativeMethodAccessorImpl.java:62) ~[na:na]
	at java.base/jdk.internal.reflect.DelegatingMethodAccessorImpl.invoke(DelegatingMethodAccessorImpl.java:43) ~[na:na]
	at java.base/java.lang.reflect.Method.invoke(Method.java:566) ~[na:na]
	at org.springframework.beans.factory.support.SimpleInstantiationStrategy.instantiate(SimpleInstantiationStrategy.java:154) ~[spring-beans-5.3.3.jar:5.3.3]
	... 62 common frames omitted
Caused by: com.mongodb.DuplicateKeyException: Write failed with error code 11000 and error message 'Index build failed: 496b794d-da5b-4591-9c58-8b4daba3eac4: Collection test.pet_pet ( 5e802c2a-d87d-44c4-a714-12dd48eaee75 ) :: caused by :: E11000 duplicate key error collection: test.pet_pet index: device.deviceId dup key: { device.deviceId: null }'
	at com.mongodb.internal.operation.CreateIndexesOperation.checkForDuplicateKeyError(CreateIndexesOperation.java:338) ~[mongodb-driver-core-4.1.1.jar:na]
	at com.mongodb.internal.operation.CreateIndexesOperation.access$300(CreateIndexesOperation.java:72) ~[mongodb-driver-core-4.1.1.jar:na]
	at com.mongodb.internal.operation.CreateIndexesOperation$1.call(CreateIndexesOperation.java:200) ~[mongodb-driver-core-4.1.1.jar:na]
	at com.mongodb.internal.operation.CreateIndexesOperation$1.call(CreateIndexesOperation.java:192) ~[mongodb-driver-core-4.1.1.jar:na]
	at com.mongodb.internal.operation.OperationHelper.withConnectionSource(OperationHelper.java:649) ~[mongodb-driver-core-4.1.1.jar:na]
	at com.mongodb.internal.operation.OperationHelper.withConnection(OperationHelper.java:611) ~[mongodb-driver-core-4.1.1.jar:na]
	at com.mongodb.internal.operation.CreateIndexesOperation.execute(CreateIndexesOperation.java:192) ~[mongodb-driver-core-4.1.1.jar:na]
	at com.mongodb.internal.operation.CreateIndexesOperation.execute(CreateIndexesOperation.java:72) ~[mongodb-driver-core-4.1.1.jar:na]
	at com.mongodb.client.internal.MongoClientDelegate$DelegateOperationExecutor.execute(MongoClientDelegate.java:195) ~[mongodb-driver-sync-4.1.1.jar:na]
	at com.mongodb.client.internal.MongoCollectionImpl.executeCreateIndexes(MongoCollectionImpl.java:847) ~[mongodb-driver-sync-4.1.1.jar:na]
	at com.mongodb.client.internal.MongoCollectionImpl.createIndexes(MongoCollectionImpl.java:830) ~[mongodb-driver-sync-4.1.1.jar:na]
	at com.mongodb.client.internal.MongoCollectionImpl.createIndexes(MongoCollectionImpl.java:825) ~[mongodb-driver-sync-4.1.1.jar:na]
	at com.mongodb.client.internal.MongoCollectionImpl.createIndex(MongoCollectionImpl.java:810) ~[mongodb-driver-sync-4.1.1.jar:na]
	at org.springframework.data.mongodb.core.DefaultIndexOperations.lambda$ensureIndex$0(DefaultIndexOperations.java:131) ~[spring-data-mongodb-3.1.3.jar:3.1.3]
	at org.springframework.data.mongodb.core.MongoTemplate.execute(MongoTemplate.java:562) ~[spring-data-mongodb-3.1.3.jar:3.1.3]
	... 76 common frames omitted

2021-04-12 10:52:41.100  INFO 9268 --- [restartedMain] o.a.pettracker.PetTrackerApplication     : Starting PetTrackerApplication using Java 11.0.7 on azCom42 with PID 9268 (E:\ASICZEN-WEB-PROJECT\pet-tracker\pet-tracker\target\classes started by spmishra in E:\ASICZEN-WEB-PROJECT\pet-tracker\pet-tracker)
2021-04-12 10:52:41.106  INFO 9268 --- [restartedMain] o.a.pettracker.PetTrackerApplication     : No active profile set, falling back to default profiles: default
2021-04-12 10:52:46.366  INFO 9268 --- [restartedMain] o.apache.catalina.core.StandardService   : Starting service [Tomcat]
2021-04-12 10:52:46.367  INFO 9268 --- [restartedMain] org.apache.catalina.core.StandardEngine  : Starting Servlet engine: [Apache Tomcat/9.0.41]
2021-04-12 10:52:46.519  INFO 9268 --- [restartedMain] o.a.c.c.C.[Tomcat].[localhost].[/]       : Initializing Spring embedded WebApplicationContext
2021-04-12 10:52:47.293  INFO 9268 --- [restartedMain] org.mongodb.driver.cluster               : Cluster created with settings {hosts=[127.0.0.1:27017], mode=SINGLE, requiredClusterType=UNKNOWN, serverSelectionTimeout='30000 ms'}
2021-04-12 10:52:47.437  INFO 9268 --- [cluster-rtt-ClusterId{value='6073d927f7e0d90df1fc8c00', description='null'}-127.0.0.1:27017] org.mongodb.driver.connection            : Opened connection [connectionId{localValue:2, serverValue:37}] to 127.0.0.1:27017
2021-04-12 10:52:47.435  INFO 9268 --- [cluster-ClusterId{value='6073d927f7e0d90df1fc8c00', description='null'}-127.0.0.1:27017] org.mongodb.driver.connection            : Opened connection [connectionId{localValue:1, serverValue:36}] to 127.0.0.1:27017
2021-04-12 10:52:47.440  INFO 9268 --- [cluster-ClusterId{value='6073d927f7e0d90df1fc8c00', description='null'}-127.0.0.1:27017] org.mongodb.driver.cluster               : Monitor thread successfully connected to server with description ServerDescription{address=127.0.0.1:27017, type=STANDALONE, state=CONNECTED, ok=true, minWireVersion=0, maxWireVersion=9, maxDocumentSize=16777216, logicalSessionTimeoutMinutes=30, roundTripTimeNanos=65766300}
2021-04-12 10:52:47.909  INFO 9268 --- [restartedMain] org.mongodb.driver.connection            : Opened connection [connectionId{localValue:3, serverValue:38}] to 127.0.0.1:27017
2021-04-12 10:52:48.639  INFO 9268 --- [restartedMain] org.mongodb.driver.connection            : Closed connection [connectionId{localValue:3, serverValue:38}] to 127.0.0.1:27017 because the pool has been closed.
2021-04-12 10:52:48.652  INFO 9268 --- [restartedMain] o.apache.catalina.core.StandardService   : Stopping service [Tomcat]
2021-04-12 10:52:48.735 ERROR 9268 --- [restartedMain] o.s.boot.SpringApplication               : Application run failed

org.springframework.beans.factory.UnsatisfiedDependencyException: Error creating bean with name 'ownerController': Unsatisfied dependency expressed through field 'ownerService'; nested exception is org.springframework.beans.factory.UnsatisfiedDependencyException: Error creating bean with name 'ownerServiceImpl': Unsatisfied dependency expressed through field 'ownerRepository'; nested exception is org.springframework.beans.factory.BeanCreationException: Error creating bean with name 'ownerRepository' defined in org.asiczen.pettracker.repository.OwnerRepository defined in @EnableMongoRepositories declared on MongoRepositoriesRegistrar.EnableMongoRepositoriesConfiguration: Cannot resolve reference to bean 'mongoTemplate' while setting bean property 'mongoOperations'; nested exception is org.springframework.beans.factory.BeanCreationException: Error creating bean with name 'mongoTemplate' defined in class path resource [org/springframework/boot/autoconfigure/data/mongo/MongoDatabaseFactoryDependentConfiguration.class]: Bean instantiation via factory method failed; nested exception is org.springframework.beans.BeanInstantiationException: Failed to instantiate [org.springframework.data.mongodb.core.MongoTemplate]: Factory method 'mongoTemplate' threw exception; nested exception is org.springframework.dao.DuplicateKeyException: Write failed with error code 11000 and error message 'Index build failed: 91883c76-3141-4bc6-86c0-8d714dfe4de6: Collection test.pet_pet ( 5e802c2a-d87d-44c4-a714-12dd48eaee75 ) :: caused by :: E11000 duplicate key error collection: test.pet_pet index: device.deviceId dup key: { device.deviceId: null }'; nested exception is com.mongodb.DuplicateKeyException: Write failed with error code 11000 and error message 'Index build failed: 91883c76-3141-4bc6-86c0-8d714dfe4de6: Collection test.pet_pet ( 5e802c2a-d87d-44c4-a714-12dd48eaee75 ) :: caused by :: E11000 duplicate key error collection: test.pet_pet index: device.deviceId dup key: { device.deviceId: null }'
	at org.springframework.beans.factory.annotation.AutowiredAnnotationBeanPostProcessor$AutowiredFieldElement.inject(AutowiredAnnotationBeanPostProcessor.java:643) ~[spring-beans-5.3.3.jar:5.3.3]
	at org.springframework.beans.factory.annotation.InjectionMetadata.inject(InjectionMetadata.java:119) ~[spring-beans-5.3.3.jar:5.3.3]
	at org.springframework.beans.factory.annotation.AutowiredAnnotationBeanPostProcessor.postProcessProperties(AutowiredAnnotationBeanPostProcessor.java:399) ~[spring-beans-5.3.3.jar:5.3.3]
	at org.springframework.beans.factory.support.AbstractAutowireCapableBeanFactory.populateBean(AbstractAutowireCapableBeanFactory.java:1415) ~[spring-beans-5.3.3.jar:5.3.3]
	at org.springframework.beans.factory.support.AbstractAutowireCapableBeanFactory.doCreateBean(AbstractAutowireCapableBeanFactory.java:608) ~[spring-beans-5.3.3.jar:5.3.3]
	at org.springframework.beans.factory.support.AbstractAutowireCapableBeanFactory.createBean(AbstractAutowireCapableBeanFactory.java:531) ~[spring-beans-5.3.3.jar:5.3.3]
	at org.springframework.beans.factory.support.AbstractBeanFactory.lambda$doGetBean$0(AbstractBeanFactory.java:335) ~[spring-beans-5.3.3.jar:5.3.3]
	at org.springframework.beans.factory.support.DefaultSingletonBeanRegistry.getSingleton(DefaultSingletonBeanRegistry.java:234) ~[spring-beans-5.3.3.jar:5.3.3]
	at org.springframework.beans.factory.support.AbstractBeanFactory.doGetBean(AbstractBeanFactory.java:333) ~[spring-beans-5.3.3.jar:5.3.3]
	at org.springframework.beans.factory.support.AbstractBeanFactory.getBean(AbstractBeanFactory.java:208) ~[spring-beans-5.3.3.jar:5.3.3]
	at org.springframework.beans.factory.support.DefaultListableBeanFactory.preInstantiateSingletons(DefaultListableBeanFactory.java:944) ~[spring-beans-5.3.3.jar:5.3.3]
	at org.springframework.context.support.AbstractApplicationContext.finishBeanFactoryInitialization(AbstractApplicationContext.java:923) ~[spring-context-5.3.3.jar:5.3.3]
	at org.springframework.context.support.AbstractApplicationContext.refresh(AbstractApplicationContext.java:588) ~[spring-context-5.3.3.jar:5.3.3]
	at org.springframework.boot.web.servlet.context.ServletWebServerApplicationContext.refresh(ServletWebServerApplicationContext.java:144) ~[spring-boot-2.4.2.jar:2.4.2]
	at org.springframework.boot.SpringApplication.refresh(SpringApplication.java:767) ~[spring-boot-2.4.2.jar:2.4.2]
	at org.springframework.boot.SpringApplication.refresh(SpringApplication.java:759) ~[spring-boot-2.4.2.jar:2.4.2]
	at org.springframework.boot.SpringApplication.refreshContext(SpringApplication.java:426) ~[spring-boot-2.4.2.jar:2.4.2]
	at org.springframework.boot.SpringApplication.run(SpringApplication.java:326) ~[spring-boot-2.4.2.jar:2.4.2]
	at org.springframework.boot.SpringApplication.run(SpringApplication.java:1311) ~[spring-boot-2.4.2.jar:2.4.2]
	at org.springframework.boot.SpringApplication.run(SpringApplication.java:1300) ~[spring-boot-2.4.2.jar:2.4.2]
	at org.asiczen.pettracker.PetTrackerApplication.main(PetTrackerApplication.java:10) ~[classes/:na]
	at java.base/jdk.internal.reflect.NativeMethodAccessorImpl.invoke0(Native Method) ~[na:na]
	at java.base/jdk.internal.reflect.NativeMethodAccessorImpl.invoke(NativeMethodAccessorImpl.java:62) ~[na:na]
	at java.base/jdk.internal.reflect.DelegatingMethodAccessorImpl.invoke(DelegatingMethodAccessorImpl.java:43) ~[na:na]
	at java.base/java.lang.reflect.Method.invoke(Method.java:566) ~[na:na]
	at org.springframework.boot.devtools.restart.RestartLauncher.run(RestartLauncher.java:49) ~[spring-boot-devtools-2.4.2.jar:2.4.2]
Caused by: org.springframework.beans.factory.UnsatisfiedDependencyException: Error creating bean with name 'ownerServiceImpl': Unsatisfied dependency expressed through field 'ownerRepository'; nested exception is org.springframework.beans.factory.BeanCreationException: Error creating bean with name 'ownerRepository' defined in org.asiczen.pettracker.repository.OwnerRepository defined in @EnableMongoRepositories declared on MongoRepositoriesRegistrar.EnableMongoRepositoriesConfiguration: Cannot resolve reference to bean 'mongoTemplate' while setting bean property 'mongoOperations'; nested exception is org.springframework.beans.factory.BeanCreationException: Error creating bean with name 'mongoTemplate' defined in class path resource [org/springframework/boot/autoconfigure/data/mongo/MongoDatabaseFactoryDependentConfiguration.class]: Bean instantiation via factory method failed; nested exception is org.springframework.beans.BeanInstantiationException: Failed to instantiate [org.springframework.data.mongodb.core.MongoTemplate]: Factory method 'mongoTemplate' threw exception; nested exception is org.springframework.dao.DuplicateKeyException: Write failed with error code 11000 and error message 'Index build failed: 91883c76-3141-4bc6-86c0-8d714dfe4de6: Collection test.pet_pet ( 5e802c2a-d87d-44c4-a714-12dd48eaee75 ) :: caused by :: E11000 duplicate key error collection: test.pet_pet index: device.deviceId dup key: { device.deviceId: null }'; nested exception is com.mongodb.DuplicateKeyException: Write failed with error code 11000 and error message 'Index build failed: 91883c76-3141-4bc6-86c0-8d714dfe4de6: Collection test.pet_pet ( 5e802c2a-d87d-44c4-a714-12dd48eaee75 ) :: caused by :: E11000 duplicate key error collection: test.pet_pet index: device.deviceId dup key: { device.deviceId: null }'
	at org.springframework.beans.factory.annotation.AutowiredAnnotationBeanPostProcessor$AutowiredFieldElement.inject(AutowiredAnnotationBeanPostProcessor.java:643) ~[spring-beans-5.3.3.jar:5.3.3]
	at org.springframework.beans.factory.annotation.InjectionMetadata.inject(InjectionMetadata.java:119) ~[spring-beans-5.3.3.jar:5.3.3]
	at org.springframework.beans.factory.annotation.AutowiredAnnotationBeanPostProcessor.postProcessProperties(AutowiredAnnotationBeanPostProcessor.java:399) ~[spring-beans-5.3.3.jar:5.3.3]
	at org.springframework.beans.factory.support.AbstractAutowireCapableBeanFactory.populateBean(AbstractAutowireCapableBeanFactory.java:1415) ~[spring-beans-5.3.3.jar:5.3.3]
	at org.springframework.beans.factory.support.AbstractAutowireCapableBeanFactory.doCreateBean(AbstractAutowireCapableBeanFactory.java:608) ~[spring-beans-5.3.3.jar:5.3.3]
	at org.springframework.beans.factory.support.AbstractAutowireCapableBeanFactory.createBean(AbstractAutowireCapableBeanFactory.java:531) ~[spring-beans-5.3.3.jar:5.3.3]
	at org.springframework.beans.factory.support.AbstractBeanFactory.lambda$doGetBean$0(AbstractBeanFactory.java:335) ~[spring-beans-5.3.3.jar:5.3.3]
	at org.springframework.beans.factory.support.DefaultSingletonBeanRegistry.getSingleton(DefaultSingletonBeanRegistry.java:234) ~[spring-beans-5.3.3.jar:5.3.3]
	at org.springframework.beans.factory.support.AbstractBeanFactory.doGetBean(AbstractBeanFactory.java:333) ~[spring-beans-5.3.3.jar:5.3.3]
	at org.springframework.beans.factory.support.AbstractBeanFactory.getBean(AbstractBeanFactory.java:208) ~[spring-beans-5.3.3.jar:5.3.3]
	at org.springframework.beans.factory.config.DependencyDescriptor.resolveCandidate(DependencyDescriptor.java:276) ~[spring-beans-5.3.3.jar:5.3.3]
	at org.springframework.beans.factory.support.DefaultListableBeanFactory.doResolveDependency(DefaultListableBeanFactory.java:1380) ~[spring-beans-5.3.3.jar:5.3.3]
	at org.springframework.beans.factory.support.DefaultListableBeanFactory.resolveDependency(DefaultListableBeanFactory.java:1300) ~[spring-beans-5.3.3.jar:5.3.3]
	at org.springframework.beans.factory.annotation.AutowiredAnnotationBeanPostProcessor$AutowiredFieldElement.inject(AutowiredAnnotationBeanPostProcessor.java:640) ~[spring-beans-5.3.3.jar:5.3.3]
	... 25 common frames omitted
Caused by: org.springframework.beans.factory.BeanCreationException: Error creating bean with name 'ownerRepository' defined in org.asiczen.pettracker.repository.OwnerRepository defined in @EnableMongoRepositories declared on MongoRepositoriesRegistrar.EnableMongoRepositoriesConfiguration: Cannot resolve reference to bean 'mongoTemplate' while setting bean property 'mongoOperations'; nested exception is org.springframework.beans.factory.BeanCreationException: Error creating bean with name 'mongoTemplate' defined in class path resource [org/springframework/boot/autoconfigure/data/mongo/MongoDatabaseFactoryDependentConfiguration.class]: Bean instantiation via factory method failed; nested exception is org.springframework.beans.BeanInstantiationException: Failed to instantiate [org.springframework.data.mongodb.core.MongoTemplate]: Factory method 'mongoTemplate' threw exception; nested exception is org.springframework.dao.DuplicateKeyException: Write failed with error code 11000 and error message 'Index build failed: 91883c76-3141-4bc6-86c0-8d714dfe4de6: Collection test.pet_pet ( 5e802c2a-d87d-44c4-a714-12dd48eaee75 ) :: caused by :: E11000 duplicate key error collection: test.pet_pet index: device.deviceId dup key: { device.deviceId: null }'; nested exception is com.mongodb.DuplicateKeyException: Write failed with error code 11000 and error message 'Index build failed: 91883c76-3141-4bc6-86c0-8d714dfe4de6: Collection test.pet_pet ( 5e802c2a-d87d-44c4-a714-12dd48eaee75 ) :: caused by :: E11000 duplicate key error collection: test.pet_pet index: device.deviceId dup key: { device.deviceId: null }'
	at org.springframework.beans.factory.support.BeanDefinitionValueResolver.resolveReference(BeanDefinitionValueResolver.java:342) ~[spring-beans-5.3.3.jar:5.3.3]
	at org.springframework.beans.factory.support.BeanDefinitionValueResolver.resolveValueIfNecessary(BeanDefinitionValueResolver.java:113) ~[spring-beans-5.3.3.jar:5.3.3]
	at org.springframework.beans.factory.support.AbstractAutowireCapableBeanFactory.applyPropertyValues(AbstractAutowireCapableBeanFactory.java:1691) ~[spring-beans-5.3.3.jar:5.3.3]
	at org.springframework.beans.factory.support.AbstractAutowireCapableBeanFactory.populateBean(AbstractAutowireCapableBeanFactory.java:1436) ~[spring-beans-5.3.3.jar:5.3.3]
	at org.springframework.beans.factory.support.AbstractAutowireCapableBeanFactory.doCreateBean(AbstractAutowireCapableBeanFactory.java:608) ~[spring-beans-5.3.3.jar:5.3.3]
	at org.springframework.beans.factory.support.AbstractAutowireCapableBeanFactory.createBean(AbstractAutowireCapableBeanFactory.java:531) ~[spring-beans-5.3.3.jar:5.3.3]
	at org.springframework.beans.factory.support.AbstractBeanFactory.lambda$doGetBean$0(AbstractBeanFactory.java:335) ~[spring-beans-5.3.3.jar:5.3.3]
	at org.springframework.beans.factory.support.DefaultSingletonBeanRegistry.getSingleton(DefaultSingletonBeanRegistry.java:234) ~[spring-beans-5.3.3.jar:5.3.3]
	at org.springframework.beans.factory.support.AbstractBeanFactory.doGetBean(AbstractBeanFactory.java:333) ~[spring-beans-5.3.3.jar:5.3.3]
	at org.springframework.beans.factory.support.AbstractBeanFactory.getBean(AbstractBeanFactory.java:208) ~[spring-beans-5.3.3.jar:5.3.3]
	at org.springframework.beans.factory.config.DependencyDescriptor.resolveCandidate(DependencyDescriptor.java:276) ~[spring-beans-5.3.3.jar:5.3.3]
	at org.springframework.beans.factory.support.DefaultListableBeanFactory.doResolveDependency(DefaultListableBeanFactory.java:1380) ~[spring-beans-5.3.3.jar:5.3.3]
	at org.springframework.beans.factory.support.DefaultListableBeanFactory.resolveDependency(DefaultListableBeanFactory.java:1300) ~[spring-beans-5.3.3.jar:5.3.3]
	at org.springframework.beans.factory.annotation.AutowiredAnnotationBeanPostProcessor$AutowiredFieldElement.inject(AutowiredAnnotationBeanPostProcessor.java:640) ~[spring-beans-5.3.3.jar:5.3.3]
	... 38 common frames omitted
Caused by: org.springframework.beans.factory.BeanCreationException: Error creating bean with name 'mongoTemplate' defined in class path resource [org/springframework/boot/autoconfigure/data/mongo/MongoDatabaseFactoryDependentConfiguration.class]: Bean instantiation via factory method failed; nested exception is org.springframework.beans.BeanInstantiationException: Failed to instantiate [org.springframework.data.mongodb.core.MongoTemplate]: Factory method 'mongoTemplate' threw exception; nested exception is org.springframework.dao.DuplicateKeyException: Write failed with error code 11000 and error message 'Index build failed: 91883c76-3141-4bc6-86c0-8d714dfe4de6: Collection test.pet_pet ( 5e802c2a-d87d-44c4-a714-12dd48eaee75 ) :: caused by :: E11000 duplicate key error collection: test.pet_pet index: device.deviceId dup key: { device.deviceId: null }'; nested exception is com.mongodb.DuplicateKeyException: Write failed with error code 11000 and error message 'Index build failed: 91883c76-3141-4bc6-86c0-8d714dfe4de6: Collection test.pet_pet ( 5e802c2a-d87d-44c4-a714-12dd48eaee75 ) :: caused by :: E11000 duplicate key error collection: test.pet_pet index: device.deviceId dup key: { device.deviceId: null }'
	at org.springframework.beans.factory.support.ConstructorResolver.instantiate(ConstructorResolver.java:658) ~[spring-beans-5.3.3.jar:5.3.3]
	at org.springframework.beans.factory.support.ConstructorResolver.instantiateUsingFactoryMethod(ConstructorResolver.java:638) ~[spring-beans-5.3.3.jar:5.3.3]
	at org.springframework.beans.factory.support.AbstractAutowireCapableBeanFactory.instantiateUsingFactoryMethod(AbstractAutowireCapableBeanFactory.java:1336) ~[spring-beans-5.3.3.jar:5.3.3]
	at org.springframework.beans.factory.support.AbstractAutowireCapableBeanFactory.createBeanInstance(AbstractAutowireCapableBeanFactory.java:1179) ~[spring-beans-5.3.3.jar:5.3.3]
	at org.springframework.beans.factory.support.AbstractAutowireCapableBeanFactory.doCreateBean(AbstractAutowireCapableBeanFactory.java:571) ~[spring-beans-5.3.3.jar:5.3.3]
	at org.springframework.beans.factory.support.AbstractAutowireCapableBeanFactory.createBean(AbstractAutowireCapableBeanFactory.java:531) ~[spring-beans-5.3.3.jar:5.3.3]
	at org.springframework.beans.factory.support.AbstractBeanFactory.lambda$doGetBean$0(AbstractBeanFactory.java:335) ~[spring-beans-5.3.3.jar:5.3.3]
	at org.springframework.beans.factory.support.DefaultSingletonBeanRegistry.getSingleton(DefaultSingletonBeanRegistry.java:234) ~[spring-beans-5.3.3.jar:5.3.3]
	at org.springframework.beans.factory.support.AbstractBeanFactory.doGetBean(AbstractBeanFactory.java:333) ~[spring-beans-5.3.3.jar:5.3.3]
	at org.springframework.beans.factory.support.AbstractBeanFactory.getBean(AbstractBeanFactory.java:208) ~[spring-beans-5.3.3.jar:5.3.3]
	at org.springframework.beans.factory.support.BeanDefinitionValueResolver.resolveReference(BeanDefinitionValueResolver.java:330) ~[spring-beans-5.3.3.jar:5.3.3]
	... 51 common frames omitted
Caused by: org.springframework.beans.BeanInstantiationException: Failed to instantiate [org.springframework.data.mongodb.core.MongoTemplate]: Factory method 'mongoTemplate' threw exception; nested exception is org.springframework.dao.DuplicateKeyException: Write failed with error code 11000 and error message 'Index build failed: 91883c76-3141-4bc6-86c0-8d714dfe4de6: Collection test.pet_pet ( 5e802c2a-d87d-44c4-a714-12dd48eaee75 ) :: caused by :: E11000 duplicate key error collection: test.pet_pet index: device.deviceId dup key: { device.deviceId: null }'; nested exception is com.mongodb.DuplicateKeyException: Write failed with error code 11000 and error message 'Index build failed: 91883c76-3141-4bc6-86c0-8d714dfe4de6: Collection test.pet_pet ( 5e802c2a-d87d-44c4-a714-12dd48eaee75 ) :: caused by :: E11000 duplicate key error collection: test.pet_pet index: device.deviceId dup key: { device.deviceId: null }'
	at org.springframework.beans.factory.support.SimpleInstantiationStrategy.instantiate(SimpleInstantiationStrategy.java:185) ~[spring-beans-5.3.3.jar:5.3.3]
	at org.springframework.beans.factory.support.ConstructorResolver.instantiate(ConstructorResolver.java:653) ~[spring-beans-5.3.3.jar:5.3.3]
	... 61 common frames omitted
Caused by: org.springframework.dao.DuplicateKeyException: Write failed with error code 11000 and error message 'Index build failed: 91883c76-3141-4bc6-86c0-8d714dfe4de6: Collection test.pet_pet ( 5e802c2a-d87d-44c4-a714-12dd48eaee75 ) :: caused by :: E11000 duplicate key error collection: test.pet_pet index: device.deviceId dup key: { device.deviceId: null }'; nested exception is com.mongodb.DuplicateKeyException: Write failed with error code 11000 and error message 'Index build failed: 91883c76-3141-4bc6-86c0-8d714dfe4de6: Collection test.pet_pet ( 5e802c2a-d87d-44c4-a714-12dd48eaee75 ) :: caused by :: E11000 duplicate key error collection: test.pet_pet index: device.deviceId dup key: { device.deviceId: null }'
	at org.springframework.data.mongodb.core.MongoExceptionTranslator.translateExceptionIfPossible(MongoExceptionTranslator.java:84) ~[spring-data-mongodb-3.1.3.jar:3.1.3]
	at org.springframework.data.mongodb.core.MongoTemplate.potentiallyConvertRuntimeException(MongoTemplate.java:2882) ~[spring-data-mongodb-3.1.3.jar:3.1.3]
	at org.springframework.data.mongodb.core.MongoTemplate.execute(MongoTemplate.java:564) ~[spring-data-mongodb-3.1.3.jar:3.1.3]
	at org.springframework.data.mongodb.core.DefaultIndexOperations.execute(DefaultIndexOperations.java:214) ~[spring-data-mongodb-3.1.3.jar:3.1.3]
	at org.springframework.data.mongodb.core.DefaultIndexOperations.ensureIndex(DefaultIndexOperations.java:121) ~[spring-data-mongodb-3.1.3.jar:3.1.3]
	at org.springframework.data.mongodb.core.index.MongoPersistentEntityIndexCreator.createIndex(MongoPersistentEntityIndexCreator.java:156) ~[spring-data-mongodb-3.1.3.jar:3.1.3]
	at org.springframework.data.mongodb.core.index.MongoPersistentEntityIndexCreator.checkForAndCreateIndexes(MongoPersistentEntityIndexCreator.java:146) ~[spring-data-mongodb-3.1.3.jar:3.1.3]
	at org.springframework.data.mongodb.core.index.MongoPersistentEntityIndexCreator.checkForIndexes(MongoPersistentEntityIndexCreator.java:130) ~[spring-data-mongodb-3.1.3.jar:3.1.3]
	at org.springframework.data.mongodb.core.index.MongoPersistentEntityIndexCreator.<init>(MongoPersistentEntityIndexCreator.java:95) ~[spring-data-mongodb-3.1.3.jar:3.1.3]
	at org.springframework.data.mongodb.core.index.MongoPersistentEntityIndexCreator.<init>(MongoPersistentEntityIndexCreator.java:72) ~[spring-data-mongodb-3.1.3.jar:3.1.3]
	at org.springframework.data.mongodb.core.MongoTemplate.<init>(MongoTemplate.java:250) ~[spring-data-mongodb-3.1.3.jar:3.1.3]
	at org.springframework.boot.autoconfigure.data.mongo.MongoDatabaseFactoryDependentConfiguration.mongoTemplate(MongoDatabaseFactoryDependentConfiguration.java:63) ~[spring-boot-autoconfigure-2.4.2.jar:2.4.2]
	at java.base/jdk.internal.reflect.NativeMethodAccessorImpl.invoke0(Native Method) ~[na:na]
	at java.base/jdk.internal.reflect.NativeMethodAccessorImpl.invoke(NativeMethodAccessorImpl.java:62) ~[na:na]
	at java.base/jdk.internal.reflect.DelegatingMethodAccessorImpl.invoke(DelegatingMethodAccessorImpl.java:43) ~[na:na]
	at java.base/java.lang.reflect.Method.invoke(Method.java:566) ~[na:na]
	at org.springframework.beans.factory.support.SimpleInstantiationStrategy.instantiate(SimpleInstantiationStrategy.java:154) ~[spring-beans-5.3.3.jar:5.3.3]
	... 62 common frames omitted
Caused by: com.mongodb.DuplicateKeyException: Write failed with error code 11000 and error message 'Index build failed: 91883c76-3141-4bc6-86c0-8d714dfe4de6: Collection test.pet_pet ( 5e802c2a-d87d-44c4-a714-12dd48eaee75 ) :: caused by :: E11000 duplicate key error collection: test.pet_pet index: device.deviceId dup key: { device.deviceId: null }'
	at com.mongodb.internal.operation.CreateIndexesOperation.checkForDuplicateKeyError(CreateIndexesOperation.java:338) ~[mongodb-driver-core-4.1.1.jar:na]
	at com.mongodb.internal.operation.CreateIndexesOperation.access$300(CreateIndexesOperation.java:72) ~[mongodb-driver-core-4.1.1.jar:na]
	at com.mongodb.internal.operation.CreateIndexesOperation$1.call(CreateIndexesOperation.java:200) ~[mongodb-driver-core-4.1.1.jar:na]
	at com.mongodb.internal.operation.CreateIndexesOperation$1.call(CreateIndexesOperation.java:192) ~[mongodb-driver-core-4.1.1.jar:na]
	at com.mongodb.internal.operation.OperationHelper.withConnectionSource(OperationHelper.java:649) ~[mongodb-driver-core-4.1.1.jar:na]
	at com.mongodb.internal.operation.OperationHelper.withConnection(OperationHelper.java:611) ~[mongodb-driver-core-4.1.1.jar:na]
	at com.mongodb.internal.operation.CreateIndexesOperation.execute(CreateIndexesOperation.java:192) ~[mongodb-driver-core-4.1.1.jar:na]
	at com.mongodb.internal.operation.CreateIndexesOperation.execute(CreateIndexesOperation.java:72) ~[mongodb-driver-core-4.1.1.jar:na]
	at com.mongodb.client.internal.MongoClientDelegate$DelegateOperationExecutor.execute(MongoClientDelegate.java:195) ~[mongodb-driver-sync-4.1.1.jar:na]
	at com.mongodb.client.internal.MongoCollectionImpl.executeCreateIndexes(MongoCollectionImpl.java:847) ~[mongodb-driver-sync-4.1.1.jar:na]
	at com.mongodb.client.internal.MongoCollectionImpl.createIndexes(MongoCollectionImpl.java:830) ~[mongodb-driver-sync-4.1.1.jar:na]
	at com.mongodb.client.internal.MongoCollectionImpl.createIndexes(MongoCollectionImpl.java:825) ~[mongodb-driver-sync-4.1.1.jar:na]
	at com.mongodb.client.internal.MongoCollectionImpl.createIndex(MongoCollectionImpl.java:810) ~[mongodb-driver-sync-4.1.1.jar:na]
	at org.springframework.data.mongodb.core.DefaultIndexOperations.lambda$ensureIndex$0(DefaultIndexOperations.java:131) ~[spring-data-mongodb-3.1.3.jar:3.1.3]
	at org.springframework.data.mongodb.core.MongoTemplate.execute(MongoTemplate.java:562) ~[spring-data-mongodb-3.1.3.jar:3.1.3]
	... 76 common frames omitted

2021-04-12 10:54:24.568  INFO 12120 --- [restartedMain] o.a.pettracker.PetTrackerApplication     : Starting PetTrackerApplication using Java 11.0.7 on azCom42 with PID 12120 (E:\ASICZEN-WEB-PROJECT\pet-tracker\pet-tracker\target\classes started by spmishra in E:\ASICZEN-WEB-PROJECT\pet-tracker\pet-tracker)
2021-04-12 10:54:24.576  INFO 12120 --- [restartedMain] o.a.pettracker.PetTrackerApplication     : No active profile set, falling back to default profiles: default
2021-04-12 10:54:30.253  INFO 12120 --- [restartedMain] o.apache.catalina.core.StandardService   : Starting service [Tomcat]
2021-04-12 10:54:30.254  INFO 12120 --- [restartedMain] org.apache.catalina.core.StandardEngine  : Starting Servlet engine: [Apache Tomcat/9.0.41]
2021-04-12 10:54:30.403  INFO 12120 --- [restartedMain] o.a.c.c.C.[Tomcat].[localhost].[/]       : Initializing Spring embedded WebApplicationContext
2021-04-12 10:54:31.096  INFO 12120 --- [restartedMain] org.mongodb.driver.cluster               : Cluster created with settings {hosts=[127.0.0.1:27017], mode=SINGLE, requiredClusterType=UNKNOWN, serverSelectionTimeout='30000 ms'}
2021-04-12 10:54:31.227  INFO 12120 --- [cluster-rtt-ClusterId{value='6073d98f48640941b3f29747', description='null'}-127.0.0.1:27017] org.mongodb.driver.connection            : Opened connection [connectionId{localValue:2, serverValue:40}] to 127.0.0.1:27017
2021-04-12 10:54:31.231  INFO 12120 --- [cluster-ClusterId{value='6073d98f48640941b3f29747', description='null'}-127.0.0.1:27017] org.mongodb.driver.connection            : Opened connection [connectionId{localValue:1, serverValue:39}] to 127.0.0.1:27017
2021-04-12 10:54:31.232  INFO 12120 --- [cluster-ClusterId{value='6073d98f48640941b3f29747', description='null'}-127.0.0.1:27017] org.mongodb.driver.cluster               : Monitor thread successfully connected to server with description ServerDescription{address=127.0.0.1:27017, type=STANDALONE, state=CONNECTED, ok=true, minWireVersion=0, maxWireVersion=9, maxDocumentSize=16777216, logicalSessionTimeoutMinutes=30, roundTripTimeNanos=44339000}
2021-04-12 10:54:31.910  INFO 12120 --- [restartedMain] org.mongodb.driver.connection            : Opened connection [connectionId{localValue:3, serverValue:41}] to 127.0.0.1:27017
2021-04-12 10:54:35.193  INFO 12120 --- [restartedMain] o.a.pettracker.PetTrackerApplication     : Started PetTrackerApplication in 11.904 seconds (JVM running for 13.253)
2021-04-12 10:54:57.331  INFO 12120 --- [http-nio-5001-exec-2] o.a.c.c.C.[Tomcat].[localhost].[/]       : Initializing Spring DispatcherServlet 'dispatcherServlet'
2021-04-12 15:53:10.857  INFO 15076 --- [restartedMain] o.a.pettracker.PetTrackerApplication     : Starting PetTrackerApplication using Java 11.0.7 on azCom42 with PID 15076 (E:\ASICZEN-WEB-PROJECT\pet-tracker\pet-tracker\target\classes started by spmishra in E:\ASICZEN-WEB-PROJECT\pet-tracker\pet-tracker)
2021-04-12 15:53:10.863  INFO 15076 --- [restartedMain] o.a.pettracker.PetTrackerApplication     : No active profile set, falling back to default profiles: default
2021-04-12 15:53:20.559  INFO 15076 --- [restartedMain] o.apache.catalina.core.StandardService   : Starting service [Tomcat]
2021-04-12 15:53:20.560  INFO 15076 --- [restartedMain] org.apache.catalina.core.StandardEngine  : Starting Servlet engine: [Apache Tomcat/9.0.41]
2021-04-12 15:53:20.790  INFO 15076 --- [restartedMain] o.a.c.c.C.[Tomcat].[localhost].[/]       : Initializing Spring embedded WebApplicationContext
2021-04-12 15:53:22.453  INFO 15076 --- [restartedMain] org.mongodb.driver.cluster               : Cluster created with settings {hosts=[127.0.0.1:27017], mode=SINGLE, requiredClusterType=UNKNOWN, serverSelectionTimeout='30000 ms'}
2021-04-12 15:53:23.407  INFO 15076 --- [cluster-rtt-ClusterId{value='60741f9a3483281a483a68be', description='null'}-127.0.0.1:27017] org.mongodb.driver.connection            : Opened connection [connectionId{localValue:2, serverValue:42}] to 127.0.0.1:27017
2021-04-12 15:53:23.409  INFO 15076 --- [cluster-ClusterId{value='60741f9a3483281a483a68be', description='null'}-127.0.0.1:27017] org.mongodb.driver.connection            : Opened connection [connectionId{localValue:1, serverValue:43}] to 127.0.0.1:27017
2021-04-12 15:53:23.412  INFO 15076 --- [cluster-ClusterId{value='60741f9a3483281a483a68be', description='null'}-127.0.0.1:27017] org.mongodb.driver.cluster               : Monitor thread successfully connected to server with description ServerDescription{address=127.0.0.1:27017, type=STANDALONE, state=CONNECTED, ok=true, minWireVersion=0, maxWireVersion=9, maxDocumentSize=16777216, logicalSessionTimeoutMinutes=30, roundTripTimeNanos=795823300}
2021-04-12 15:53:23.798  INFO 15076 --- [restartedMain] org.mongodb.driver.connection            : Opened connection [connectionId{localValue:3, serverValue:44}] to 127.0.0.1:27017
2021-04-12 15:53:27.756  INFO 15076 --- [restartedMain] o.a.pettracker.PetTrackerApplication     : Started PetTrackerApplication in 20.945 seconds (JVM running for 34.306)
2021-04-12 15:54:10.395  INFO 15076 --- [http-nio-5001-exec-2] o.a.c.c.C.[Tomcat].[localhost].[/]       : Initializing Spring DispatcherServlet 'dispatcherServlet'
